<?xml version="1.0" encoding="UTF-8"?>
<testsuites>
  <testsuite name="FHusquinet Test Suite" tests="10" assertions="11" errors="0" failures="0" skipped="0" time="0.240839">
    <testsuite name="FHusquinet\Seoable\Tests\SeoableTraitTest" file="/Users/florianhusquinet/Work/packages/laravel-model-seoable/tests/SeoableTraitTest.php" tests="10" assertions="11" errors="0" failures="0" skipped="0" time="0.240839">
      <testcase name="a_model_can_set_a_new_meta_data" class="FHusquinet\Seoable\Tests\SeoableTraitTest" classname="FHusquinet.Seoable.Tests.SeoableTraitTest" file="/Users/florianhusquinet/Work/packages/laravel-model-seoable/tests/SeoableTraitTest.php" line="25" assertions="1" time="0.138002"/>
      <testcase name="a_model_can_set_a_new_meta_data_using_the_array_syntax" class="FHusquinet\Seoable\Tests\SeoableTraitTest" classname="FHusquinet.Seoable.Tests.SeoableTraitTest" file="/Users/florianhusquinet/Work/packages/laravel-model-seoable/tests/SeoableTraitTest.php" line="39" assertions="1" time="0.008935"/>
      <testcase name="a_model_can_update_an_existing_meta_data" class="FHusquinet\Seoable\Tests\SeoableTraitTest" classname="FHusquinet.Seoable.Tests.SeoableTraitTest" file="/Users/florianhusquinet/Work/packages/laravel-model-seoable/tests/SeoableTraitTest.php" line="53" assertions="2" time="0.013635"/>
      <testcase name="a_model_can_set_an_array_of_meta_datas_at_once" class="FHusquinet\Seoable\Tests\SeoableTraitTest" classname="FHusquinet.Seoable.Tests.SeoableTraitTest" file="/Users/florianhusquinet/Work/packages/laravel-model-seoable/tests/SeoableTraitTest.php" line="73" assertions="1" time="0.017470"/>
      <testcase name="a_model_can_retrieve_one_of_its_meta" class="FHusquinet\Seoable\Tests\SeoableTraitTest" classname="FHusquinet.Seoable.Tests.SeoableTraitTest" file="/Users/florianhusquinet/Work/packages/laravel-model-seoable/tests/SeoableTraitTest.php" line="88" assertions="1" time="0.016167"/>
      <testcase name="a_model_can_provide_a_default_value_in_case_the_meta_retrieved_doesnt_exist" class="FHusquinet\Seoable\Tests\SeoableTraitTest" classname="FHusquinet.Seoable.Tests.SeoableTraitTest" file="/Users/florianhusquinet/Work/packages/laravel-model-seoable/tests/SeoableTraitTest.php" line="101" assertions="1" time="0.009884"/>
      <testcase name="a_model_can_retrieve_multiple_of_its_meta" class="FHusquinet\Seoable\Tests\SeoableTraitTest" classname="FHusquinet.Seoable.Tests.SeoableTraitTest" file="/Users/florianhusquinet/Work/packages/laravel-model-seoable/tests/SeoableTraitTest.php" line="114" assertions="1" time="0.010471"/>
      <testcase name="a_model_can_retrieve_all_of_its_meta" class="FHusquinet\Seoable\Tests\SeoableTraitTest" classname="FHusquinet.Seoable.Tests.SeoableTraitTest" file="/Users/florianhusquinet/Work/packages/laravel-model-seoable/tests/SeoableTraitTest.php" line="127" assertions="1" time="0.007645"/>
      <testcase name="a_model_can_set_default_metas_that_will_replace_null_values" class="FHusquinet\Seoable\Tests\SeoableTraitTest" classname="FHusquinet.Seoable.Tests.SeoableTraitTest" file="/Users/florianhusquinet/Work/packages/laravel-model-seoable/tests/SeoableTraitTest.php" line="150" assertions="1" time="0.011419"/>
      <testcase name="a_model_can_set_default_metas_that_will_replace_empty_values" class="FHusquinet\Seoable\Tests\SeoableTraitTest" classname="FHusquinet.Seoable.Tests.SeoableTraitTest" file="/Users/florianhusquinet/Work/packages/laravel-model-seoable/tests/SeoableTraitTest.php" line="173" assertions="1" time="0.007211"/>
    </testsuite>
  </testsuite>
</testsuites>
